<?xml version="1.0" encoding="UTF-8"?>
<testsuite name="sampleTest" tests="1" skipped="0" failures="0" errors="0" timestamp="2023-02-28T00:01:55" hostname="M2043" time="0.196">
  <properties/>
  <testcase name="login" classname="sampleTest" time="0.196"/>
  <system-out><![CDATA[?[35m[Appium]?[39m Welcome to Appium v1.22.0
?[35m[Appium]?[39m Non-default server args:
?[35m[Appium]?[39m   address: 127.0.0.1
?[35m[Appium]?[39m   port: 8888
?[35m[Appium]?[39m Appium REST http interface listener started on 127.0.0.1:8888
?[35m[HTTP]?[39m ?[37m-->?[39m ?[37mGET?[39m ?[37m/wd/hub/status?[39m
?[35m[HTTP]?[39m ?[90m{}?[39m
[debug] ?[35m[GENERIC]?[39m Calling AppiumDriver.getStatus() with args: []
[debug] ?[35m[GENERIC]?[39m Responding to client with driver.getStatus() result: {"build":{"version":"1.22.0"}}
?[35m[HTTP]?[39m ?[37m<-- GET /wd/hub/status ?[39m?[32m200?[39m ?[90m5 ms - 68?[39m
?[35m[HTTP]?[39m ?[90m?[39m
...Setup Started.....
[debug] ?[35m[HTTP]?[39m Request idempotency key: b717fff3-9ba1-4e75-840a-35d98237ee59
?[35m[HTTP]?[39m ?[37m-->?[39m ?[37mPOST?[39m ?[37m/wd/hub/session?[39m
?[35m[HTTP]?[39m ?[90m{"desiredCapabilities":{"appActivity":"com.dexcom.phoenix.ui.SplashActivity","appPackage":"com.dexcom.dexcomone","platformName":"Android","deviceName":"Galaxy S9"},"capabilities":{"firstMatch":[{"appium:appActivity":"com.dexcom.phoenix.ui.SplashActivity","appium:appPackage":"com.dexcom.dexcomone","appium:deviceName":"Galaxy S9","platformName":"android"}]}}?[39m
[debug] ?[35m[W3C]?[39m Calling AppiumDriver.createSession() with args: [{"appActivity":"com.dexcom.phoenix.ui.SplashActivity","appPackage":"com.dexcom.dexcomone","platformName":"Android","deviceName":"Galaxy S9"},null,{"firstMatch":[{"appium:appActivity":"com.dexcom.phoenix.ui.SplashActivity","appium:appPackage":"com.dexcom.dexcomone","appium:deviceName":"Galaxy S9","platformName":"android"}]}]
[debug] ?[35m[BaseDriver]?[39m Event 'newSessionRequested' logged at 1677542503170 (16:01:43 GMT-0800 (Pacific Standard Time))
?[35m[Appium]?[39m 
?[35m[Appium]?[39m ======================================================================
?[35m[Appium]?[39m   DEPRECATION WARNING:
?[35m[Appium]?[39m 
?[35m[Appium]?[39m   The 'automationName' capability was not provided in the desired 
?[35m[Appium]?[39m   capabilities for this Android session
?[35m[Appium]?[39m 
?[35m[Appium]?[39m   Setting 'automationName=UiAutomator2' by default and using the 
?[35m[Appium]?[39m   UiAutomator2 Driver
?[35m[Appium]?[39m 
?[35m[Appium]?[39m   The next major version of Appium (2.x) will **require** the 
?[35m[Appium]?[39m   'automationName' capability to be set for all sessions on all 
?[35m[Appium]?[39m   platforms
?[35m[Appium]?[39m 
?[35m[Appium]?[39m   In previous versions (Appium <= 1.13.x), the default was 
?[35m[Appium]?[39m   'automationName=UiAutomator1'
?[35m[Appium]?[39m 
?[35m[Appium]?[39m   If you wish to use that automation instead of UiAutomator2, please 
?[35m[Appium]?[39m   add 'automationName=UiAutomator1' to your desired capabilities
?[35m[Appium]?[39m 
?[35m[Appium]?[39m   For more information about drivers, please visit 
?[35m[Appium]?[39m   http://appium.io/docs/en/about-appium/intro/ and explore the 
?[35m[Appium]?[39m   'Drivers' menu
?[35m[Appium]?[39m 
?[35m[Appium]?[39m ======================================================================
?[35m[Appium]?[39m 
?[35m[Appium]?[39m Appium v1.22.0 creating new AndroidUiautomator2Driver (v1.69.0) session
[debug] ?[35m[BaseDriver]?[39m W3C capabilities and MJSONWP desired capabilities were provided
[debug] ?[35m[BaseDriver]?[39m Creating session with W3C capabilities: {
[debug] ?[35m[BaseDriver]?[39m   "alwaysMatch": {
[debug] ?[35m[BaseDriver]?[39m     "platformName": "android",
[debug] ?[35m[BaseDriver]?[39m     "appium:appActivity": "com.dexcom.phoenix.ui.SplashActivity",
[debug] ?[35m[BaseDriver]?[39m     "appium:appPackage": "com.dexcom.dexcomone",
[debug] ?[35m[BaseDriver]?[39m     "appium:deviceName": "Galaxy S9"
[debug] ?[35m[BaseDriver]?[39m   },
[debug] ?[35m[BaseDriver]?[39m   "firstMatch": [
[debug] ?[35m[BaseDriver]?[39m     {}
[debug] ?[35m[BaseDriver]?[39m   ]
[debug] ?[35m[BaseDriver]?[39m }
?[35m[BaseDriver]?[39m Session created with session id: 7b2301e8-86f6-4e21-88b2-a37f45a39f71
?[35m[UiAutomator2]?[39m Starting 'com.dexcom.dexcomone' directly on the device
?[35m[ADB]?[39m Found 2 'build-tools' folders under '/Users/pa0716/Library/Android/sdk' (newest first):
?[35m[ADB]?[39m     /Users/pa0716/Library/Android/sdk/build-tools/31.0.0
?[35m[ADB]?[39m     /Users/pa0716/Library/Android/sdk/build-tools/30.0.2
?[35m[ADB]?[39m Using 'adb' from '/Users/pa0716/Library/Android/sdk/platform-tools/adb'
[debug] ?[35m[ADB]?[39m Running '/Users/pa0716/Library/Android/sdk/platform-tools/adb -P 5037 start-server'
?[35m[AndroidDriver]?[39m Retrieving device list
[debug] ?[35m[ADB]?[39m Trying to find a connected android device
[debug] ?[35m[ADB]?[39m Getting connected devices
[debug] ?[35m[ADB]?[39m Connected devices: [{"udid":"4b595a3836583398","state":"device"}]
?[35m[AndroidDriver]?[39m Using device: 4b595a3836583398
?[35m[ADB]?[39m Using 'adb' from '/Users/pa0716/Library/Android/sdk/platform-tools/adb'
[debug] ?[35m[ADB]?[39m Running '/Users/pa0716/Library/Android/sdk/platform-tools/adb -P 5037 start-server'
[debug] ?[35m[ADB]?[39m Setting device id to 4b595a3836583398
[debug] ?[35m[ADB]?[39m Running '/Users/pa0716/Library/Android/sdk/platform-tools/adb -P 5037 -s 4b595a3836583398 shell getprop ro.build.version.sdk'
[debug] ?[35m[ADB]?[39m Current device property 'ro.build.version.sdk': 29
?[35m[ADB]?[39m Getting device platform version
[debug] ?[35m[ADB]?[39m Running '/Users/pa0716/Library/Android/sdk/platform-tools/adb -P 5037 -s 4b595a3836583398 shell getprop ro.build.version.release'
[debug] ?[35m[ADB]?[39m Current device property 'ro.build.version.release': 10
[debug] ?[35m[ADB]?[39m Device API level: 29
?[35m[UiAutomator2]?[39m Relaxing hidden api policy
[debug] ?[35m[ADB]?[39m Running '/Users/pa0716/Library/Android/sdk/platform-tools/adb -P 5037 -s 4b595a3836583398 shell 'settings put global hidden_api_policy_pre_p_apps 1;settings put global hidden_api_policy_p_apps 1;settings put global hidden_api_policy 1''
?[35m[AndroidDriver]?[39m No app sent in, not parsing package/activity
[debug] ?[35m[ADB]?[39m Running '/Users/pa0716/Library/Android/sdk/platform-tools/adb -P 5037 -s 4b595a3836583398 wait-for-device'
[debug] ?[35m[ADB]?[39m Running '/Users/pa0716/Library/Android/sdk/platform-tools/adb -P 5037 -s 4b595a3836583398 shell echo ping'
[debug] ?[35m[AndroidDriver]?[39m Pushing settings apk to device...
[debug] ?[35m[ADB]?[39m Getting install status for io.appium.settings
[debug] ?[35m[ADB]?[39m Running '/Users/pa0716/Library/Android/sdk/platform-tools/adb -P 5037 -s 4b595a3836583398 shell dumpsys package io.appium.settings'
[debug] ?[35m[ADB]?[39m 'io.appium.settings' is installed
[debug] ?[35m[ADB]?[39m Getting package info for 'io.appium.settings'
[debug] ?[35m[ADB]?[39m Running '/Users/pa0716/Library/Android/sdk/platform-tools/adb -P 5037 -s 4b595a3836583398 shell dumpsys package io.appium.settings'
[debug] ?[35m[ADB]?[39m The version name of the installed 'io.appium.settings' is greater or equal to the application version name ('3.4.0' >= '3.4.0')
[debug] ?[35m[ADB]?[39m There is no need to install/upgrade '/usr/local/lib/node_modules/appium/node_modules/io.appium.settings/apks/settings_apk-debug.apk'
[debug] ?[35m[ADB]?[39m Getting IDs of all 'io.appium.settings' processes
[debug] ?[35m[ADB]?[39m Running '/Users/pa0716/Library/Android/sdk/platform-tools/adb -P 5037 -s 4b595a3836583398 shell 'pgrep --help; echo $?''
[debug] ?[35m[ADB]?[39m Running '/Users/pa0716/Library/Android/sdk/platform-tools/adb -P 5037 -s 4b595a3836583398 shell pgrep -f \(\[\[:blank:\]\]\|\^\)io\.appium\.settings\(\[\[:blank:\]\]\|\$\)'
[debug] ?[35m[AndroidDriver]?[39m io.appium.settings is already running. There is no need to reset its permissions.
[debug] ?[35m[ADB]?[39m Running '/Users/pa0716/Library/Android/sdk/platform-tools/adb -P 5037 -s 4b595a3836583398 shell appops set io.appium.settings android:mock_location allow'
[debug] ?[35m[Logcat]?[39m Starting logs capture with command: /Users/pa0716/Library/Android/sdk/platform-tools/adb -P 5037 -s 4b595a3836583398 logcat -v threadtime
[debug] ?[35m[UiAutomator2]?[39m Forwarding UiAutomator2 Server port 6790 to local port 8200
[debug] ?[35m[ADB]?[39m Forwarding system: 8200 to device: 6790
[debug] ?[35m[ADB]?[39m Running '/Users/pa0716/Library/Android/sdk/platform-tools/adb -P 5037 -s 4b595a3836583398 forward tcp:8200 tcp:6790'
[debug] ?[35m[ADB]?[39m Getting install status for io.appium.uiautomator2.server
[debug] ?[35m[ADB]?[39m Running '/Users/pa0716/Library/Android/sdk/platform-tools/adb -P 5037 -s 4b595a3836583398 shell dumpsys package io.appium.uiautomator2.server'
[debug] ?[35m[ADB]?[39m 'io.appium.uiautomator2.server' is installed
[debug] ?[35m[ADB]?[39m Getting package info for 'io.appium.uiautomator2.server'
[debug] ?[35m[ADB]?[39m Running '/Users/pa0716/Library/Android/sdk/platform-tools/adb -P 5037 -s 4b595a3836583398 shell dumpsys package io.appium.uiautomator2.server'
[debug] ?[35m[ADB]?[39m The version name of the installed 'io.appium.uiautomator2.server' is greater or equal to the application version name ('4.24.0' >= '4.24.0')
[debug] ?[35m[UiAutomator2]?[39m io.appium.uiautomator2.server installation state: sameVersionInstalled
[debug] ?[35m[ADB]?[39m Checking app cert for /usr/local/lib/node_modules/appium/node_modules/appium-uiautomator2-server/apks/appium-uiautomator2-server-v4.24.0.apk
?[35m[ADB]?[39m Using 'apksigner.jar' from '/Users/pa0716/Library/Android/sdk/build-tools/31.0.0/lib/apksigner.jar'
[debug] ?[35m[ADB]?[39m Starting apksigner: /Library/Java/JavaVirtualMachines/jdk1.8.0_291.jdk/Contents/Home/bin/java -Xmx1024M -Xss1m -jar /Users/pa0716/Library/Android/sdk/build-tools/31.0.0/lib/apksigner.jar verify --print-certs /usr/local/lib/node_modules/appium/node_modules/appium-uiautomator2-server/apks/appium-uiautomator2-server-v4.24.0.apk
[debug] ?[35m[ADB]?[39m apksigner stdout: Signer #1 certificate DN: EMAILADDRESS=android@android.com, CN=Android, OU=Android, O=Android, L=Mountain View, ST=California, C=US
[debug] ?[35m[ADB]?[39m Signer #1 certificate SHA-256 digest: a40da80a59d170caa950cf15c18c454d47a39b26989d8b640ecd745ba71bf5dc
[debug] ?[35m[ADB]?[39m Signer #1 certificate SHA-1 digest: 61ed377e85d386a8dfee6b864bd85b0bfaa5af81
[debug] ?[35m[ADB]?[39m Signer #1 certificate MD5 digest: e89b158e4bcf988ebd09eb83f5378e87
[debug] ?[35m[ADB]?[39m 
[debug] ?[35m[ADB]?[39m sha256 hash did match for 'appium-uiautomator2-server-v4.24.0.apk'
?[35m[ADB]?[39m '/usr/local/lib/node_modules/appium/node_modules/appium-uiautomator2-server/apks/appium-uiautomator2-server-v4.24.0.apk' is signed with the default certificate
[debug] ?[35m[ADB]?[39m Getting install status for io.appium.uiautomator2.server.test
[debug] ?[35m[ADB]?[39m Running '/Users/pa0716/Library/Android/sdk/platform-tools/adb -P 5037 -s 4b595a3836583398 shell dumpsys package io.appium.uiautomator2.server.test'
[debug] ?[35m[ADB]?[39m 'io.appium.uiautomator2.server.test' is installed
[debug] ?[35m[ADB]?[39m Checking app cert for /usr/local/lib/node_modules/appium/node_modules/appium-uiautomator2-server/apks/appium-uiautomator2-server-debug-androidTest.apk
[debug] ?[35m[ADB]?[39m Starting apksigner: /Library/Java/JavaVirtualMachines/jdk1.8.0_291.jdk/Contents/Home/bin/java -Xmx1024M -Xss1m -jar /Users/pa0716/Library/Android/sdk/build-tools/31.0.0/lib/apksigner.jar verify --print-certs /usr/local/lib/node_modules/appium/node_modules/appium-uiautomator2-server/apks/appium-uiautomator2-server-debug-androidTest.apk
[debug] ?[35m[ADB]?[39m apksigner stdout: Signer #1 certificate DN: EMAILADDRESS=android@android.com, CN=Android, OU=Android, O=Android, L=Mountain View, ST=California, C=US
[debug] ?[35m[ADB]?[39m Signer #1 certificate SHA-256 digest: a40da80a59d170caa950cf15c18c454d47a39b26989d8b640ecd745ba71bf5dc
[debug] ?[35m[ADB]?[39m Signer #1 certificate SHA-1 digest: 61ed377e85d386a8dfee6b864bd85b0bfaa5af81
[debug] ?[35m[ADB]?[39m Signer #1 certificate MD5 digest: e89b158e4bcf988ebd09eb83f5378e87
[debug] ?[35m[ADB]?[39m 
[debug] ?[35m[ADB]?[39m sha256 hash did match for 'appium-uiautomator2-server-debug-androidTest.apk'
?[35m[ADB]?[39m '/usr/local/lib/node_modules/appium/node_modules/appium-uiautomator2-server/apks/appium-uiautomator2-server-debug-androidTest.apk' is signed with the default certificate
?[35m[UiAutomator2]?[39m Server packages are not going to be (re)installed
[debug] ?[35m[UiAutomator2]?[39m Waiting up to 30000ms for services to be available
[debug] ?[35m[ADB]?[39m Running '/Users/pa0716/Library/Android/sdk/platform-tools/adb -P 5037 -s 4b595a3836583398 shell pm list instrumentation'
[debug] ?[35m[UiAutomator2]?[39m Instrumentation target 'io.appium.uiautomator2.server.test/androidx.test.runner.AndroidJUnitRunner' is available
?[35m[ADB]?[39m Adding packages ["io.appium.settings","io.appium.uiautomator2.server","io.appium.uiautomator2.server.test"] to Doze whitelist
[debug] ?[35m[ADB]?[39m Got the following command chunks to execute: [["dumpsys","deviceidle","whitelist","+io.appium.settings",";","dumpsys","deviceidle","whitelist","+io.appium.uiautomator2.server",";","dumpsys","deviceidle","whitelist","+io.appium.uiautomator2.server.test",";"]]
[debug] ?[35m[ADB]?[39m Running '/Users/pa0716/Library/Android/sdk/platform-tools/adb -P 5037 -s 4b595a3836583398 shell dumpsys deviceidle whitelist +io.appium.settings ; dumpsys deviceidle whitelist +io.appium.uiautomator2.server ; dumpsys deviceidle whitelist +io.appium.uiautomator2.server.test ;'
[debug] ?[35m[UiAutomator2]?[39m No app capability. Assuming it is already on the device
[debug] ?[35m[ADB]?[39m Getting install status for com.dexcom.dexcomone
[debug] ?[35m[ADB]?[39m Running '/Users/pa0716/Library/Android/sdk/platform-tools/adb -P 5037 -s 4b595a3836583398 shell dumpsys package com.dexcom.dexcomone'
[debug] ?[35m[ADB]?[39m 'com.dexcom.dexcomone' is installed
[debug] ?[35m[ADB]?[39m Running '/Users/pa0716/Library/Android/sdk/platform-tools/adb -P 5037 -s 4b595a3836583398 shell am force-stop com.dexcom.dexcomone'
[debug] ?[35m[ADB]?[39m Running '/Users/pa0716/Library/Android/sdk/platform-tools/adb -P 5037 -s 4b595a3836583398 shell pm clear com.dexcom.dexcomone'
[debug] ?[35m[AndroidDriver]?[39m Performed fast reset on the installed 'com.dexcom.dexcomone' application (stop and clear)
[debug] ?[35m[UiAutomator2]?[39m Performing shallow cleanup of automation leftovers
[debug] ?[35m[UiAutomator2]?[39m No obsolete sessions have been detected (socket hang up)
[debug] ?[35m[ADB]?[39m Running '/Users/pa0716/Library/Android/sdk/platform-tools/adb -P 5037 -s 4b595a3836583398 shell am force-stop io.appium.uiautomator2.server.test'
?[35m[UiAutomator2]?[39m Starting UIAutomator2 server 4.24.0
?[35m[UiAutomator2]?[39m Using UIAutomator2 server from '/usr/local/lib/node_modules/appium/node_modules/appium-uiautomator2-server/apks/appium-uiautomator2-server-v4.24.0.apk' and test from '/usr/local/lib/node_modules/appium/node_modules/appium-uiautomator2-server/apks/appium-uiautomator2-server-debug-androidTest.apk'
?[35m[UiAutomator2]?[39m Waiting up to 30000ms for UiAutomator2 to be online...
[debug] ?[35m[ADB]?[39m Creating ADB subprocess with args: ["-P",5037,"-s","4b595a3836583398","shell","am","instrument","-w","-e","disableAnalytics",true,"io.appium.uiautomator2.server.test/androidx.test.runner.AndroidJUnitRunner"]
[debug] ?[35m[WD Proxy]?[39m Matched '/status' to command name 'getStatus'
[debug] ?[35m[WD Proxy]?[39m Proxying [GET /status] to [GET http://127.0.0.1:8200/wd/hub/status] with no body
?[35m[WD Proxy]?[39m socket hang up
[debug] ?[35m[WD Proxy]?[39m Matched '/status' to command name 'getStatus'
[debug] ?[35m[WD Proxy]?[39m Proxying [GET /status] to [GET http://127.0.0.1:8200/wd/hub/status] with no body
?[35m[WD Proxy]?[39m socket hang up
[debug] ?[35m[Instrumentation]?[39m io.appium.uiautomator2.server.test.AppiumUiAutomator2Server:
[debug] ?[35m[WD Proxy]?[39m Matched '/status' to command name 'getStatus'
[debug] ?[35m[WD Proxy]?[39m Proxying [GET /status] to [GET http://127.0.0.1:8200/wd/hub/status] with no body
?[35m[WD Proxy]?[39m socket hang up
[debug] ?[35m[WD Proxy]?[39m Matched '/status' to command name 'getStatus'
[debug] ?[35m[WD Proxy]?[39m Proxying [GET /status] to [GET http://127.0.0.1:8200/wd/hub/status] with no body
[debug] ?[35m[WD Proxy]?[39m Got response with status 200: {"sessionId":"None","value":{"message":"UiAutomator2 Server is ready to accept commands","ready":true}}
[debug] ?[35m[UiAutomator2]?[39m The initialization of the instrumentation process took 3104ms
[debug] ?[35m[WD Proxy]?[39m Matched '/session' to command name 'createSession'
[debug] ?[35m[WD Proxy]?[39m Proxying [POST /session] to [POST http://127.0.0.1:8200/wd/hub/session] with body: {"capabilities":{"firstMatch":[{"platform":"LINUX","webStorageEnabled":false,"takesScreenshot":true,"javascriptEnabled":true,"databaseEnabled":false,"networkConnectionEnabled":true,"locationContextEnabled":false,"warnings":{},"desired":{"platformName":"android","appActivity":"com.dexcom.phoenix.ui.SplashActivity","appPackage":"com.dexcom.dexcomone","deviceName":"Galaxy S9"},"platformName":"android","appActivity":"com.dexcom.phoenix.ui.SplashActivity","appPackage":"com.dexcom.dexcomone","deviceName":"4b595a3836583398","deviceUDID":"4b595a3836583398"}],"alwaysMatch":{}}}
[debug] ?[35m[WD Proxy]?[39m Got response with status 200: {"sessionId":"40a17d46-daab-4013-aa79-b20e6d3dc8ad","value":{"capabilities":{"firstMatch":[{"platform":"LINUX","webStorageEnabled":false,"takesScreenshot":true,"javascriptEnabled":true,"databaseEnabled":false,"networkConnectionEnabled":true,"locationContextEnabled":false,"warnings":{},"desired":{"platformName":"android","appActivity":"com.dexcom.phoenix.ui.SplashActivity","appPackage":"com.dexcom.dexcomone","deviceName":"Galaxy S9"},"platformName":"android","appActivity":"com.dexcom.phoenix.ui.SplashActivity","appPackage":"com.dexcom.dexcomone","deviceName":"4b595a3836583398","deviceUDID":"4b595a3836583398"}],"alwaysMatch":{}},"sessionId":"40a17d46-daab-4013-aa79-b20e6d3dc8ad"}}
?[35m[WD Proxy]?[39m Determined the downstream protocol as 'W3C'
[debug] ?[35m[WD Proxy]?[39m Proxying [GET /appium/device/info] to [GET http://127.0.0.1:8200/wd/hub/session/40a17d46-daab-4013-aa79-b20e6d3dc8ad/appium/device/info] with no body
[debug] ?[35m[WD Proxy]?[39m Got response with status 200: {"sessionId":"40a17d46-daab-4013-aa79-b20e6d3dc8ad","value":{"androidId":"6cee2410b5f79e94","apiVersion":"29","bluetooth":{"state":"ON"},"brand":"samsung","carrierName":"","displayDensity":480,"locale":"en_US","manufacturer":"samsung","model":"SM-G960U","networks":[{"capabilities":{"SSID":null,"linkDownBandwidthKbps":1048576,"linkUpstreamBandwidthKbps":1048576,"networkCapabilities":"NET_CAPABILITY_NOT_METERED,NET_CAPABILITY_INTERNET,NET_CAPABILITY_NOT_RESTRICTED,NET_CAPABILITY_TRUSTED,NET_CAPABILITY_NOT_VPN,NET_CAPABILITY_VALIDATED,NET_CAPABILITY_NOT_ROAMING,NET_CAPABILITY_FOREGROUND,NET_CAPABILITY_NOT_CONGESTED,NET_CAPABILITY_NOT_SUSPENDED","signalStrength":-50,"transportTypes":"TRANSPORT_WIFI"},"detailedState":"CONNECTED","extraInfo":null,"isAvailable":true,"isConnected":true,"isFailover":false,"isRoaming":false,"state":"CONNECTED","subtype":0,"subtypeName":"","type":1,"typeName":"WIFI"}],"platformVersion":"10","realDisplaySize":"1080x2220","timeZone":"America/Los_Angeles"}}
[debug] ?[35m[ADB]?[39m Running '/Users/pa0716/Library/Android/sdk/platform-tools/adb -P 5037 -s 4b595a3836583398 shell dumpsys window'
?[35m[AndroidDriver]?[39m Screen already unlocked, doing nothing
?[35m[UiAutomator2]?[39m Starting 'com.dexcom.dexcomone/com.dexcom.phoenix.ui.SplashActivity and waiting for 'com.dexcom.dexcomone/com.dexcom.phoenix.ui.SplashActivity'
[debug] ?[35m[ADB]?[39m Running '/Users/pa0716/Library/Android/sdk/platform-tools/adb -P 5037 -s 4b595a3836583398 shell am start -W -n com.dexcom.dexcomone/com.dexcom.phoenix.ui.SplashActivity -S -a android.intent.action.MAIN -c android.intent.category.LAUNCHER -f 0x10200000'
[debug] ?[35m[WD Proxy]?[39m Proxying [GET /appium/device/pixel_ratio] to [GET http://127.0.0.1:8200/wd/hub/session/40a17d46-daab-4013-aa79-b20e6d3dc8ad/appium/device/pixel_ratio] with no body
[debug] ?[35m[WD Proxy]?[39m Got response with status 200: {"sessionId":"40a17d46-daab-4013-aa79-b20e6d3dc8ad","value":3}
[debug] ?[35m[WD Proxy]?[39m Matched '/appium/device/system_bars' to command name 'getSystemBars'
[debug] ?[35m[WD Proxy]?[39m Proxying [GET /appium/device/system_bars] to [GET http://127.0.0.1:8200/wd/hub/session/40a17d46-daab-4013-aa79-b20e6d3dc8ad/appium/device/system_bars] with no body
[debug] ?[35m[WD Proxy]?[39m Got response with status 200: {"sessionId":"40a17d46-daab-4013-aa79-b20e6d3dc8ad","value":{"statusBar":72}}
[debug] ?[35m[WD Proxy]?[39m Matched '/window/current/size' to command name 'getWindowSize'
[debug] ?[35m[WD Proxy]?[39m Proxying [GET /window/current/size] to [GET http://127.0.0.1:8200/wd/hub/session/40a17d46-daab-4013-aa79-b20e6d3dc8ad/window/current/size] with no body
[debug] ?[35m[WD Proxy]?[39m Got response with status 200: {"sessionId":"40a17d46-daab-4013-aa79-b20e6d3dc8ad","value":{"height":2076,"width":1080}}
?[35m[Appium]?[39m New AndroidUiautomator2Driver session created successfully, session 7b2301e8-86f6-4e21-88b2-a37f45a39f71 added to master session list
[debug] ?[35m[BaseDriver]?[39m Event 'newSessionStarted' logged at 1677542514993 (16:01:54 GMT-0800 (Pacific Standard Time))
[debug] ?[35m[W3C (7b2301e8)]?[39m Cached the protocol value 'W3C' for the new session 7b2301e8-86f6-4e21-88b2-a37f45a39f71
[debug] ?[35m[W3C (7b2301e8)]?[39m Responding to client with driver.createSession() result: {"capabilities":{"platform":"LINUX","webStorageEnabled":false,"takesScreenshot":true,"javascriptEnabled":true,"databaseEnabled":false,"networkConnectionEnabled":true,"locationContextEnabled":false,"warnings":{},"desired":{"platformName":"android","appActivity":"com.dexcom.phoenix.ui.SplashActivity","appPackage":"com.dexcom.dexcomone","deviceName":"Galaxy S9"},"platformName":"android","appActivity":"com.dexcom.phoenix.ui.SplashActivity","appPackage":"com.dexcom.dexcomone","deviceName":"4b595a3836583398","deviceUDID":"4b595a3836583398","deviceApiLevel":29,"platformVersion":"10","deviceScreenSize":"1080x2220","deviceScreenDensity":480,"deviceModel":"SM-G960U","deviceManufacturer":"samsung","pixelRatio":3,"statBarHeight":72,"viewportRect":{"left":0,"top":72,"width":1080,"height":2004}}}
?[35m[HTTP]?[39m ?[37m<-- POST /wd/hub/session ?[39m?[32m200?[39m ?[90m11826 ms - 854?[39m
?[35m[HTTP]?[39m ?[90m?[39m
Launching the app.....
?[35m[HTTP]?[39m ?[37m-->?[39m ?[37mDELETE?[39m ?[37m/wd/hub/session/7b2301e8-86f6-4e21-88b2-a37f45a39f71?[39m
?[35m[HTTP]?[39m ?[90m{}?[39m
[debug] ?[35m[W3C (7b2301e8)]?[39m Calling AppiumDriver.deleteSession() with args: ["7b2301e8-86f6-4e21-88b2-a37f45a39f71"]
[debug] ?[35m[BaseDriver]?[39m Event 'quitSessionRequested' logged at 1677542515308 (16:01:55 GMT-0800 (Pacific Standard Time))
?[35m[Appium]?[39m Removing session 7b2301e8-86f6-4e21-88b2-a37f45a39f71 from our master session list
[debug] ?[35m[UiAutomator2]?[39m Deleting UiAutomator2 session
[debug] ?[35m[UiAutomator2]?[39m Deleting UiAutomator2 server session
[debug] ?[35m[WD Proxy]?[39m Matched '/' to command name 'deleteSession'
[debug] ?[35m[WD Proxy]?[39m Proxying [DELETE /] to [DELETE http://127.0.0.1:8200/wd/hub/session/40a17d46-daab-4013-aa79-b20e6d3dc8ad] with no body
[debug] ?[35m[WD Proxy]?[39m Got response with status 200: {"sessionId":"40a17d46-daab-4013-aa79-b20e6d3dc8ad","value":null}
[debug] ?[35m[ADB]?[39m Running '/Users/pa0716/Library/Android/sdk/platform-tools/adb -P 5037 -s 4b595a3836583398 shell am force-stop com.dexcom.dexcomone'
[debug] ?[35m[Logcat]?[39m Stopping logcat capture
[debug] ?[35m[ADB]?[39m Removing forwarded port socket connection: 8200 
[debug] ?[35m[ADB]?[39m Running '/Users/pa0716/Library/Android/sdk/platform-tools/adb -P 5037 -s 4b595a3836583398 forward --remove tcp:8200'
?[35m[UiAutomator2]?[39m Restoring hidden api policy to the device default configuration
[debug] ?[35m[ADB]?[39m Running '/Users/pa0716/Library/Android/sdk/platform-tools/adb -P 5037 -s 4b595a3836583398 shell 'settings delete global hidden_api_policy_pre_p_apps;settings delete global hidden_api_policy_p_apps;settings delete global hidden_api_policy''
[debug] ?[35m[BaseDriver]?[39m Event 'quitSessionFinished' logged at 1677542515644 (16:01:55 GMT-0800 (Pacific Standard Time))
[debug] ?[35m[W3C (7b2301e8)]?[39m Received response: null
[debug] ?[35m[W3C (7b2301e8)]?[39m But deleting session, so not returning
[debug] ?[35m[W3C (7b2301e8)]?[39m Responding to client with driver.deleteSession() result: null
?[35m[HTTP]?[39m ?[37m<-- DELETE /wd/hub/session/7b2301e8-86f6-4e21-88b2-a37f45a39f71 ?[39m?[32m200?[39m ?[90m337 ms - 14?[39m
?[35m[HTTP]?[39m ?[90m?[39m
]]></system-out>
  <system-err><![CDATA[Feb 27, 2023 4:01:55 PM io.appium.java_client.remote.AppiumCommandExecutor$1 lambda$0
INFO: Detected dialect: W3C
]]></system-err>
</testsuite>
